<?xml version="1.0" encoding="UTF-8"?>
<!-- Generated by org.testng.reporters.JUnitReportReporter -->
<testsuite skipped="0" hostname="Rothy-PC" name="Cross_Browser.VerifyTitle" tests="1" failures="0" timestamp="22 Nov 2017 16:29:21 GMT" time="24.635" errors="0">
  <testcase name="verifyTitle" time="24.635" classname="Cross_Browser.VerifyTitle"/>
</testsuite> <!-- Cross_Browser.VerifyTitle -->
