<?xml version="1.0" encoding="UTF-8"?>
<!-- Generated by org.testng.reporters.JUnitReportReporter -->
<testsuite skipped="0" hostname="Rothy-PC" name="WindowHandling" tests="1" failures="0" timestamp="08 Dec 2017 15:56:37 GMT" time="29.184" errors="0">
  <testcase name="getWindows" time="29.184" classname="WindowHandling"/>
</testsuite> <!-- WindowHandling -->
