<?xml version="1.0" encoding="UTF-8"?>
<!-- Generated by org.testng.reporters.JUnitReportReporter -->
<testsuite skipped="0" hostname="Rothy-PC" name="captureScrrenShot.ScreenShot" tests="1" failures="0" timestamp="23 Nov 2017 08:09:55 GMT" time="18.246" errors="0">
  <testcase name="captureScreenShot" time="18.246" classname="captureScrrenShot.ScreenShot"/>
</testsuite> <!-- captureScrrenShot.ScreenShot -->
