<?xml version="1.0" encoding="UTF-8"?>
<!-- Generated by org.testng.reporters.JUnitReportReporter -->
<testsuite skipped="0" hostname="Rothy-PC" name="captureScrrenShot.UtilityScreenShot" tests="1" failures="0" timestamp="23 Nov 2017 13:03:05 GMT" time="29.558" errors="0">
  <testcase name="captureScreenShot1" time="29.558" classname="captureScrrenShot.UtilityScreenShot"/>
</testsuite> <!-- captureScrrenShot.UtilityScreenShot -->
